2016-02-01 21:29:09	admin	http://localhost/gc/	Compile Error: 	Cannot use [] for reading (line 25 of /Library/WebServer/Documents/gc/site/templates/markup/post.php)
2016-02-01 23:48:19	admin	http://localhost/gc/categories/introductory/	Parse Error: 	parse error (line 29 of /Library/WebServer/Documents/gc/site/templates/markup/posts.php)
2016-02-01 23:56:10	admin	http://localhost/gc/categories/introductory/	Parse Error: 	parse error, expecting `','' or `';'' (line 40 of /Library/WebServer/Documents/gc/site/templates/markup/posts.php)
2016-02-02 15:06:35	admin	http://localhost/gc/posts/test-post/	Parse Error: 	parse error (line 123 of /Library/WebServer/Documents/gc/site/templates/markup/post.php)
2016-02-02 15:06:51	admin	http://localhost/gc/posts/test-post/	Error: 	Exception: Field does not exist: tag (in /Library/WebServer/Documents/gc/wire/core/PageFinder.php line 538)  #0 [internal function]: PageFinder->___getQuery(Object(Selectors), Array) #1 /Library/WebServer/Documents/gc/wire/core/Wire.php(398): call_user_func_array(Array, Array) #2 /Library/WebServer/Documents/gc/wire/core/Wire.php(333): Wire->runHooks('getQuery', Array) #3 /Library/WebServer/Documents/gc/wire/core/PageFinder.php(280): Wire->__call('getQuery', Array) #4 /Library/WebServer/Documents/gc/wire/core/PageFinder.php(280): PageFinder->getQuery(Object(Selectors), Array) #5 [internal function]: PageFinder->___find(Object(Selectors), Array) #6 /Library/WebServer/Documents/gc/wire/core/Wire.php(398): call_user_func_array(Array, Array) #7 /Library/WebServer/Documents/gc/wire/core/Wire.php(333): Wire->runHooks('find', Array) #8 /Library/WebServer/Documents/gc/wire/core/Pages.php(216): Wire->__call('find', Array) #9 /Library/WebServer/Documents/gc/wire/core/Pages.php(216): PageFinder->find(Object(Selectors),
2016-02-02 15:09:08	admin	http://localhost/gc/posts/welcome/	Error: 	Exception: Field does not exist: tag (in /Library/WebServer/Documents/gc/wire/core/PageFinder.php line 538)  #0 [internal function]: PageFinder->___getQuery(Object(Selectors), Array) #1 /Library/WebServer/Documents/gc/wire/core/Wire.php(398): call_user_func_array(Array, Array) #2 /Library/WebServer/Documents/gc/wire/core/Wire.php(333): Wire->runHooks('getQuery', Array) #3 /Library/WebServer/Documents/gc/wire/core/PageFinder.php(280): Wire->__call('getQuery', Array) #4 /Library/WebServer/Documents/gc/wire/core/PageFinder.php(280): PageFinder->getQuery(Object(Selectors), Array) #5 [internal function]: PageFinder->___find(Object(Selectors), Array) #6 /Library/WebServer/Documents/gc/wire/core/Wire.php(398): call_user_func_array(Array, Array) #7 /Library/WebServer/Documents/gc/wire/core/Wire.php(333): Wire->runHooks('find', Array) #8 /Library/WebServer/Documents/gc/wire/core/Pages.php(216): Wire->__call('find', Array) #9 /Library/WebServer/Documents/gc/wire/core/Pages.php(216): PageFinder->find(Object(Selectors),
2016-02-02 15:15:03	admin	http://localhost/gc/posts/welcome/	Error: 	Exception: Class 'CommentArray' doesn't yet implement method 'makeBlankItem()' and it needs to. (in /Library/WebServer/Documents/gc/wire/core/WireArray.php line 131)  #0 /Library/WebServer/Documents/gc/wire/core/WireArray.php(1471): WireArray->makeBlankItem() #1 /Library/WebServer/Documents/gc/wire/core/WireArray.php(443): WireArray->usesNumericKeys() #2 /Library/WebServer/Documents/gc/wire/core/WireArray.php(464): WireArray->get('title') #3 /Library/WebServer/Documents/gc/site/templates/markup/post.php(121): WireArray->__get('title') #4 /Library/WebServer/Documents/gc/site/templates/markup/posts.php(49): include('/Library/WebSer...') #5 /Library/WebServer/Documents/gc/wire/core/TemplateFile.php(182): require('/Library/WebSer...') #6 [internal function]: TemplateFile->___render() #7 /Library/WebServer/Documents/gc/wire/core/Wire.php(398): call_user_func_array(Array, Array) #8 /Library/WebServer/Documents/gc/wire/core/Wire.php(333): Wire->runHooks('render', Array) #9 /Library/WebServer/Documents/gc/site/templa
2016-02-02 16:01:38	admin	http://localhost/gc/posts/welcome/	Error: 	Call to a member function size() on a non-object (line 13 of /Library/WebServer/Documents/gc/site/templates/markup/gallery.php)
2016-02-02 16:03:06	admin	http://localhost/gc/posts/welcome/	Error: 	Call to a member function size() on a non-object (line 13 of /Library/WebServer/Documents/gc/site/templates/markup/gallery.php)
2016-02-02 16:03:34	admin	http://localhost/gc/posts/welcome/	Error: 	Call to a member function size() on a non-object (line 13 of /Library/WebServer/Documents/gc/site/templates/markup/gallery.php)
2016-02-02 16:04:36	admin	http://localhost/gc/posts/welcome/	Error: 	Call to a member function size() on a non-object (line 13 of /Library/WebServer/Documents/gc/site/templates/markup/gallery.php)
2016-02-02 16:04:45	admin	http://localhost/gc/posts/welcome/	Error: 	Call to a member function size() on a non-object (line 13 of /Library/WebServer/Documents/gc/site/templates/markup/gallery.php)
2016-02-02 16:06:26	admin	http://localhost/gc/posts/welcome/	Error: 	Call to a member function size() on a non-object (line 13 of /Library/WebServer/Documents/gc/site/templates/markup/gallery.php)
2016-02-02 16:18:38	admin	http://localhost/gc/posts/three-bean-chili/	Parse Error: 	parse error (line 20 of /Library/WebServer/Documents/gc/site/templates/markup/post.php)
2016-02-02 16:23:53	admin	http://localhost/gc/posts/three-bean-chili/	Parse Error: 	parse error (line 93 of /Library/WebServer/Documents/gc/site/templates/markup/post.php)
2016-02-02 16:27:36	admin	http://localhost/gc/	Compile Error: 	Cannot redeclare getbgcolor() (previously declared in /Library/WebServer/Documents/gc/site/templates/markup/post.php:20) (line 52 of /Library/WebServer/Documents/gc/site/templates/markup/post.php)
2016-02-02 20:19:27	?	http://localhost/?/	Error: 	Exception: SQLSTATE[HY000] [2002] No such file or directory (in /Library/WebServer/Documents/gc/wire/core/ProcessWire.php line 216)
2016-02-02 20:19:36	?	http://localhost/?/	Error: 	Exception: SQLSTATE[HY000] [2002] No such file or directory (in /Library/WebServer/Documents/gc/wire/core/ProcessWire.php line 216)
2016-02-02 20:19:41	?	http://localhost/?/	Error: 	Exception: SQLSTATE[HY000] [2002] No such file or directory (in /Library/WebServer/Documents/gc/wire/core/ProcessWire.php line 216)
2016-02-02 20:20:04	?	http://localhost/?/	Error: 	Exception: SQLSTATE[HY000] [2002] No such file or directory (in /Library/WebServer/Documents/gc/wire/core/ProcessWire.php line 216)
2016-02-04 13:54:47	?	http://localhost/?/	Error: 	Exception: SQLSTATE[HY000] [2002] No such file or directory (in /Library/WebServer/Documents/gc/wire/core/ProcessWire.php line 216)
2016-02-04 13:54:56	?	http://localhost/?/	Error: 	Exception: SQLSTATE[HY000] [2002] No such file or directory (in /Library/WebServer/Documents/gc/wire/core/ProcessWire.php line 216)
2016-02-04 14:52:26	admin	http://localhost/gc/sitemap/	Parse Error: 	parse error (line 13 of /Library/WebServer/Documents/gc/site/templates/sitemap.php)
2016-02-04 15:01:41	admin	http://localhost/gc/sitemap/	Error: 	Call to undefined function sitemapListPage() (line 18 of /Library/WebServer/Documents/gc/site/templates/sitemap.php)
2016-02-05 20:13:40	admin	http://localhost/gc/recipes/test-post/	Parse Error: 	parse error (line 42 of /Library/WebServer/Documents/gc/site/templates/markup/posts.php)
2016-02-05 20:14:08	admin	http://localhost/gc/recipes/test-post/	Parse Error: 	parse error (line 42 of /Library/WebServer/Documents/gc/site/templates/markup/posts.php)
2016-02-05 20:14:27	admin	http://localhost/gc/recipes/test-post/	Parse Error: 	parse error (line 41 of /Library/WebServer/Documents/gc/site/templates/markup/posts.php)
2016-02-06 00:37:59	admin	http://localhost/gc/	Parse Error: 	parse error, expecting `"identifier (T_STRING)"' or `"variable (T_VARIABLE)"' or `'{'' or `'$'' (line 103 of /Library/WebServer/Documents/gc/site/templates/main.inc)
2016-02-06 00:38:35	admin	http://localhost/gc/	Parse Error: 	parse error, expecting `"identifier (T_STRING)"' or `"variable (T_VARIABLE)"' or `'{'' or `'$'' (line 103 of /Library/WebServer/Documents/gc/site/templates/main.inc)
2016-02-06 00:38:38	admin	http://localhost/gc/	Parse Error: 	parse error, expecting `"identifier (T_STRING)"' or `"variable (T_VARIABLE)"' or `'{'' or `'$'' (line 103 of /Library/WebServer/Documents/gc/site/templates/main.inc)
2016-02-06 00:38:39	admin	http://localhost/gc/	Parse Error: 	parse error, expecting `"identifier (T_STRING)"' or `"variable (T_VARIABLE)"' or `'{'' or `'$'' (line 103 of /Library/WebServer/Documents/gc/site/templates/main.inc)
2016-02-06 00:54:21	admin	http://localhost/gc/recipes/	Error: 	Call to a member function get() on a non-object (line 103 of /Library/WebServer/Documents/gc/site/templates/main.inc)
2016-02-06 00:54:29	admin	http://localhost/gc/recipes/	Error: 	Call to a member function get() on a non-object (line 103 of /Library/WebServer/Documents/gc/site/templates/main.inc)
2016-02-06 00:55:38	admin	http://localhost/gc/recipes/	Error: 	Call to a member function get() on a non-object (line 103 of /Library/WebServer/Documents/gc/site/templates/main.inc)
2016-02-06 00:55:49	admin	http://localhost/gc/recipes/	Error: 	Call to a member function get() on a non-object (line 103 of /Library/WebServer/Documents/gc/site/templates/main.inc)
2016-02-06 00:57:28	admin	http://localhost/gc/recipes/	Error: 	Call to a member function get() on a non-object (line 103 of /Library/WebServer/Documents/gc/site/templates/main.inc)
2016-02-06 00:58:43	admin	http://localhost/gc/tools/http404/	Error: 	Call to a member function get() on a non-object (line 103 of /Library/WebServer/Documents/gc/site/templates/main.inc)
2016-02-06 00:58:46	admin	http://localhost/gc/recipes/	Error: 	Call to a member function get() on a non-object (line 103 of /Library/WebServer/Documents/gc/site/templates/main.inc)
